[INFO] :: 06-20-19 01:20:15 311 [main]  org.springframework.boot.StartupInfoLogger  55  logStarting  Starting RtoApplicationTests on RITURAJ-PC with PID 10344 (started by Rituraj in F:\ATS-ProjectWorkSpace\RTO_Application_Update)  
[INFO] :: 06-20-19 01:20:15 611 [main]  org.springframework.boot.SpringApplication  651  logStartupProfileInfo  No active profile set, falling back to default profiles: default  
[INFO] :: 06-20-19 01:20:21 301 [main]  org.hibernate.jpa.internal.util.LogHelper  31  logPersistenceUnitInformation  HHH000204: Processing PersistenceUnitInfo [name: default]  
[INFO] :: 06-20-19 01:20:21 445 [main]  org.hibernate.Version  46  logVersion  HHH000412: Hibernate Core {5.4.6.Final}  
[INFO] :: 06-20-19 01:20:21 866 [main]  org.hibernate.annotations.common.reflection.java.JavaReflectionManager  49  <clinit>  HCANN000001: Hibernate Commons Annotations {5.1.0.Final}  
[INFO] :: 06-20-19 01:20:22 369 [main]  com.zaxxer.hikari.HikariDataSource  110  getConnection  HikariPool-1 - Starting...  
[INFO] :: 06-20-19 01:20:24 199 [main]  com.zaxxer.hikari.pool.PoolBase  527  getAndSetNetworkTimeout  HikariPool-1 - Driver does not support get/set network timeout for connections. (oracle.jdbc.driver.T4CConnection.getNetworkTimeout()I)  
[INFO] :: 06-20-19 01:20:24 241 [main]  com.zaxxer.hikari.HikariDataSource  123  getConnection  HikariPool-1 - Start completed.  
[INFO] :: 06-20-19 01:20:24 362 [main]  org.hibernate.dialect.Dialect  172  <init>  HHH000400: Using dialect: org.hibernate.dialect.Oracle10gDialect  
[WARN] :: 06-20-19 01:20:25 634 [main]  org.hibernate.boot.internal.InFlightMetadataCollectorImpl  489  addIdentifierGenerator  HHH000069: Duplicate generator name ownerId_generator  
[INFO] :: 06-20-19 01:20:27 326 [main]  org.hibernate.engine.transaction.jta.platform.internal.JtaPlatformInitiator  52  initiateService  HHH000490: Using JtaPlatform implementation: [org.hibernate.engine.transaction.jta.platform.internal.NoJtaPlatform]  
[INFO] :: 06-20-19 01:20:30 860 [main]  springfox.documentation.spring.web.PropertySourcedRequestMappingHandlerMapping  69  initHandlerMethods  Mapped URL path [/v2/api-docs] onto method [springfox.documentation.swagger2.web.Swagger2Controller#getDocumentation(String, HttpServletRequest)]  
[INFO] :: 06-20-19 01:20:32 465 [main]  springfox.documentation.spring.web.plugins.DocumentationPluginsBootstrapper  160  start  Context refreshed  
[INFO] :: 06-20-19 01:20:32 529 [main]  springfox.documentation.spring.web.plugins.DocumentationPluginsBootstrapper  163  start  Found 1 custom documentation plugin(s)  
[INFO] :: 06-20-19 01:20:32 639 [main]  springfox.documentation.spring.web.scanners.ApiListingReferenceScanner  41  scan  Scanning for api listing references  
[INFO] :: 06-20-19 01:20:33 014 [main]  org.springframework.boot.StartupInfoLogger  61  logStarted  Started RtoApplicationTests in 19.176 seconds (JVM running for 23.789)  
[INFO] :: 06-20-19 01:20:33 858 [main]  com.transport.rto.services.impl.VehicleOwnerDetailsServiceImpl  39  saveOwnerDtls  *******saveOwnerAddr from VehicleOwnerDetailsServiceImpl execution starts *******  
[INFO] :: 06-20-19 01:20:33 869 [main]  com.transport.rto.services.impl.VehicleOwnerDetailsServiceImpl  43  saveOwnerDtls  *******saveOwnerAddr from VehicleOwnerDetailsServiceImpl executios completed *******  
[INFO] :: 06-20-19 01:20:33 903 [main]  com.transport.rto.services.impl.VehicleOwnerDetailsServiceImpl  51  findById  *******findById from VehicleOwnerDetailsServiceImpl execution starts *******  
[INFO] :: 06-20-19 01:20:33 905 [main]  com.transport.rto.services.impl.VehicleOwnerDetailsServiceImpl  55  findById  *******findById method  if block starts  *******  
[INFO] :: 06-20-19 01:20:33 907 [main]  com.transport.rto.services.impl.VehicleOwnerDetailsServiceImpl  58  findById  *******findById method if block ended *******  
[INFO] :: 06-20-19 01:20:33 933 [main]  com.transport.rto.services.impl.VehicleOwnerDetailsServiceImpl  51  findById  *******findById from VehicleOwnerDetailsServiceImpl execution starts *******  
[INFO] :: 06-20-19 01:20:33 934 [main]  com.transport.rto.services.impl.VehicleOwnerDetailsServiceImpl  61  findById  *******findById from VehicleOwnerDetailsServiceImpl  execution ended *******  
[INFO] :: 06-20-19 01:20:34 090 [main]  com.transport.rto.services.impl.VchlRegistrationDetailsServiceImpl  87  findbyRegNum  *********findbyRegNum  method  of VchlRegDtlsServiceImpl Execution starts********  
[INFO] :: 06-20-19 01:20:34 091 [main]  com.transport.rto.services.impl.VchlRegistrationDetailsServiceImpl  91  findbyRegNum  *********findbyRegNum  method If block starts********  
[INFO] :: 06-20-19 01:20:34 095 [main]  com.transport.rto.services.impl.VchlRegistrationDetailsServiceImpl  94  findbyRegNum  *********findbyRegNum  method If block Ends********  
[INFO] :: 06-20-19 01:20:34 104 [main]  com.transport.rto.services.impl.VchlRegistrationDetailsServiceImpl  87  findbyRegNum  *********findbyRegNum  method  of VchlRegDtlsServiceImpl Execution starts********  
[INFO] :: 06-20-19 01:20:34 105 [main]  com.transport.rto.services.impl.VchlRegistrationDetailsServiceImpl  97  findbyRegNum  *********findbyRegNum  method  of VchlRegDtlsServiceImpl Execution Ends********  
[INFO] :: 06-20-19 01:20:34 182 [main]  com.transport.rto.services.impl.VchlRegistrationDetailsServiceImpl  59  registration  *********registration  method  of VchlRegDtlsServiceImpl Execution starts********  
[INFO] :: 06-20-19 01:20:34 184 [main]  com.transport.rto.services.impl.VchlRegistrationDetailsServiceImpl  65  registration  *********registration  method if block starts*****  
[INFO] :: 06-20-19 01:20:34 194 [main]  com.transport.rto.services.impl.VchlRegistrationDetailsServiceImpl  76  registration  *********registration  method if block completed******** mailstatus::false  
[INFO] :: 06-20-19 01:20:34 217 [main]  com.transport.rto.services.impl.VchlRegistrationDetailsServiceImpl  59  registration  *********registration  method  of VchlRegDtlsServiceImpl Execution starts********  
[INFO] :: 06-20-19 01:20:34 334 [main]  com.transport.rto.services.impl.VehicleOwnerAddressServiceImpl  53  saveOwnerAddr  ****** saveOwnerAddr method  from VehicleOwnerAddressServiceImpl is executions starts*****  
[INFO] :: 06-20-19 01:20:34 337 [main]  com.transport.rto.services.impl.VehicleOwnerAddressServiceImpl  68  saveOwnerAddr  ****** saveOwnerAddr method  from VehicleOwnerAddressServiceImpl is execution ends*****  
[INFO] :: 06-20-19 01:20:34 357 [main]  com.transport.rto.services.impl.VehicleOwnerAddressServiceImpl  53  saveOwnerAddr  ****** saveOwnerAddr method  from VehicleOwnerAddressServiceImpl is executions starts*****  
[INFO] :: 06-20-19 01:20:34 358 [main]  com.transport.rto.services.impl.VehicleOwnerAddressServiceImpl  58  saveOwnerAddr  ****** saveOwnerAddr method if block started*****  
[INFO] :: 06-20-19 01:20:34 359 [main]  com.transport.rto.services.impl.VehicleOwnerAddressServiceImpl  65  saveOwnerAddr  ****** saveOwnerAddr method if block ended*****  
[INFO] :: 06-20-19 01:20:34 369 [main]  com.transport.rto.services.impl.VehicleOwnerAddressServiceImpl  101  findAddrbyOwnerId  ******findAddrbyOwnerId method  from VehicleOwnerAddressServiceImpl is execution Starts*****  
[INFO] :: 06-20-19 01:20:34 370 [main]  com.transport.rto.services.impl.VehicleOwnerAddressServiceImpl  104  findAddrbyOwnerId  ******findAddrbyOwnerId method  if Block execute*****  
[INFO] :: 06-20-19 01:20:34 371 [main]  com.transport.rto.services.impl.VehicleOwnerAddressServiceImpl  107  findAddrbyOwnerId  ******findAddrbyOwnerId method  if Block COmpleted*****  
[INFO] :: 06-20-19 01:20:34 391 [main]  com.transport.rto.services.impl.VehicleOwnerAddressServiceImpl  80  findAddrbyAddrId  ******findAddrbyAddrId method  from VehicleOwnerAddressServiceImpl is execution Starts*****  
[INFO] :: 06-20-19 01:20:34 393 [main]  com.transport.rto.services.impl.VehicleOwnerAddressServiceImpl  90  findAddrbyAddrId  ******findAddrbyAddrId method  from VehicleOwnerAddressServiceImpl is execution Ends*****  
[INFO] :: 06-20-19 01:20:34 404 [main]  com.transport.rto.services.impl.VehicleOwnerAddressServiceImpl  80  findAddrbyAddrId  ******findAddrbyAddrId method  from VehicleOwnerAddressServiceImpl is execution Starts*****  
[INFO] :: 06-20-19 01:20:34 405 [main]  com.transport.rto.services.impl.VehicleOwnerAddressServiceImpl  84  findAddrbyAddrId  ******findAddrbyAddrId method   If block satrted*****  
[INFO] :: 06-20-19 01:20:34 406 [main]  com.transport.rto.services.impl.VehicleOwnerAddressServiceImpl  87  findAddrbyAddrId  ******findAddrbyAddrId method   If block Ended*****  
[INFO] :: 06-20-19 01:20:34 413 [main]  com.transport.rto.services.impl.VehicleOwnerAddressServiceImpl  80  findAddrbyAddrId  ******findAddrbyAddrId method  from VehicleOwnerAddressServiceImpl is execution Starts*****  
[INFO] :: 06-20-19 01:20:34 414 [main]  com.transport.rto.services.impl.VehicleOwnerAddressServiceImpl  90  findAddrbyAddrId  ******findAddrbyAddrId method  from VehicleOwnerAddressServiceImpl is execution Ends*****  
[INFO] :: 06-20-19 01:20:34 542 [main]  com.transport.rto.services.impl.VehicleDetailsServiceImpl  50  saveVehicleDetails  *******saveVehicleDetails from VehicleDtlsServiceImpl Execution starts *******  
[INFO] :: 06-20-19 01:20:34 543 [main]  com.transport.rto.services.impl.VehicleDetailsServiceImpl  54  saveVehicleDetails  *******saveVehicleDetails method if block started *******  
[INFO] :: 06-20-19 01:20:34 547 [main]  com.transport.rto.services.impl.VehicleDetailsServiceImpl  60  saveVehicleDetails  *******saveVehicleDetails method if block completed *******  
[INFO] :: 06-20-19 01:20:34 559 [main]  com.transport.rto.services.impl.VehicleDetailsServiceImpl  93  findVehicleByOwnerId  *******findVehicleByOwnerId from VehicleDtlsServiceImpl Execution Starts *******  
[INFO] :: 06-20-19 01:20:34 562 [main]  com.transport.rto.services.impl.VehicleDetailsServiceImpl  96  findVehicleByOwnerId  *******findVehicleByOwnerId method If block called *******  
[INFO] :: 06-20-19 01:20:34 562 [main]  com.transport.rto.services.impl.VehicleDetailsServiceImpl  99  findVehicleByOwnerId  *******findVehicleByOwnerId method If block completed *******  
[INFO] :: 06-20-19 01:20:34 571 [main]  com.transport.rto.services.impl.VehicleDetailsServiceImpl  50  saveVehicleDetails  *******saveVehicleDetails from VehicleDtlsServiceImpl Execution starts *******  
[INFO] :: 06-20-19 01:20:34 572 [main]  com.transport.rto.services.impl.VehicleDetailsServiceImpl  63  saveVehicleDetails  *******saveVehicleDetails from VehicleDtlsServiceImpl Execution ends *******  
[INFO] :: 06-20-19 01:20:34 582 [main]  com.transport.rto.services.impl.VehicleDetailsServiceImpl  93  findVehicleByOwnerId  *******findVehicleByOwnerId from VehicleDtlsServiceImpl Execution Starts *******  
[INFO] :: 06-20-19 01:20:34 585 [main]  com.transport.rto.services.impl.VehicleDetailsServiceImpl  102  findVehicleByOwnerId  *******findVehicleByOwnerId from VehicleDtlsServiceImpl Execution ends *******  
[INFO] :: 06-20-19 01:20:34 592 [main]  com.transport.rto.services.impl.VehicleDetailsServiceImpl  73  getVehicleDetails  *******getVehicleDetails from VehicleDtlsServiceImpl Execution starts *******  
[INFO] :: 06-20-19 01:20:34 594 [main]  com.transport.rto.services.impl.VehicleDetailsServiceImpl  82  getVehicleDetails  *******getVehicleDetails from VehicleDtlsServiceImpl Execution ends *******  
[INFO] :: 06-20-19 01:20:34 603 [main]  com.transport.rto.services.impl.VehicleDetailsServiceImpl  73  getVehicleDetails  *******getVehicleDetails from VehicleDtlsServiceImpl Execution starts *******  
[INFO] :: 06-20-19 01:20:34 604 [main]  com.transport.rto.services.impl.VehicleDetailsServiceImpl  76  getVehicleDetails  *******getVehicleDetails method If Block Called *******  
[INFO] :: 06-20-19 01:20:34 605 [main]  com.transport.rto.services.impl.VehicleDetailsServiceImpl  79  getVehicleDetails  *******getVehicleDetails method If Block completed *******  
[INFO] :: 06-20-19 01:20:34 980 [main]  com.transport.rto.mail.sender.MailSenderUtil  41  sendMail  ***** sendMail method  from MailSenderUtil is starts******   
[INFO] :: 06-20-19 01:20:35 017 [main]  com.transport.rto.mail.sender.MailSenderUtil  54  sendMail  ***** Mail send  successFully For request******   
[INFO] :: 06-20-19 01:20:35 018 [main]  com.transport.rto.mail.sender.MailSenderUtil  59  sendMail  ***** sendMail method  from MailSenderUtil is ends******   
[INFO] :: 06-20-19 01:20:35 051 [main]  com.transport.rto.mail.sender.MailSenderUtil  41  sendMail  ***** sendMail method  from MailSenderUtil is starts******   
[ERROR] :: 06-20-19 01:20:35 057 [main]  com.transport.rto.mail.sender.MailSenderUtil  56  sendMail  *****some Exception occurred in mail*****javax.mail.internet.AddressException: Illegal address in string ``''  
[INFO] :: 06-20-19 01:20:35 059 [main]  com.transport.rto.mail.sender.MailSenderUtil  59  sendMail  ***** sendMail method  from MailSenderUtil is ends******   
[INFO] :: 06-20-19 01:20:35 145 [main]  com.transport.rto.resource.services.impl.VehicleSummaryServiceImpl  63  findVehicleDetails  *****findVehicleDetails for Rest Api  service is  starts******  
[INFO] :: 06-20-19 01:20:35 150 [main]  com.transport.rto.resource.services.impl.VehicleSummaryServiceImpl  79  findVehicleDetails  *****findVehicleDetails for Rest Api  service is  Ends******  
[INFO] :: 06-20-19 01:20:35 165 [main]  com.transport.rto.resource.services.impl.VehicleSummaryServiceImpl  63  findVehicleDetails  *****findVehicleDetails for Rest Api  service is  starts******  
[INFO] :: 06-20-19 01:20:35 201 [SpringContextShutdownHook]  com.zaxxer.hikari.HikariDataSource  350  close  HikariPool-1 - Shutdown initiated...  
[INFO] :: 06-20-19 01:20:35 292 [SpringContextShutdownHook]  com.zaxxer.hikari.HikariDataSource  352  close  HikariPool-1 - Shutdown completed.  
[INFO] :: 06-30-19 01:30:34 859 [main]  org.springframework.boot.StartupInfoLogger  55  logStarting  Starting MailSenderUtilTest on RITURAJ-PC with PID 11084 (started by Rituraj in F:\ATS-ProjectWorkSpace\RTO_Application_Update)  
[INFO] :: 06-30-19 01:30:34 874 [main]  org.springframework.boot.SpringApplication  651  logStartupProfileInfo  No active profile set, falling back to default profiles: default  
[INFO] :: 06-30-19 01:30:42 280 [main]  org.hibernate.jpa.internal.util.LogHelper  31  logPersistenceUnitInformation  HHH000204: Processing PersistenceUnitInfo [name: default]  
[INFO] :: 06-30-19 01:30:42 626 [main]  org.hibernate.Version  46  logVersion  HHH000412: Hibernate Core {5.4.6.Final}  
[INFO] :: 06-30-19 01:30:43 188 [main]  org.hibernate.annotations.common.reflection.java.JavaReflectionManager  49  <clinit>  HCANN000001: Hibernate Commons Annotations {5.1.0.Final}  
[INFO] :: 06-30-19 01:30:43 985 [main]  com.zaxxer.hikari.HikariDataSource  110  getConnection  HikariPool-1 - Starting...  
[INFO] :: 06-30-19 01:30:45 182 [main]  com.zaxxer.hikari.pool.PoolBase  527  getAndSetNetworkTimeout  HikariPool-1 - Driver does not support get/set network timeout for connections. (oracle.jdbc.driver.T4CConnection.getNetworkTimeout()I)  
[INFO] :: 06-30-19 01:30:45 199 [main]  com.zaxxer.hikari.HikariDataSource  123  getConnection  HikariPool-1 - Start completed.  
[INFO] :: 06-30-19 01:30:45 293 [main]  org.hibernate.dialect.Dialect  172  <init>  HHH000400: Using dialect: org.hibernate.dialect.Oracle10gDialect  
[WARN] :: 06-30-19 01:30:46 308 [main]  org.hibernate.boot.internal.InFlightMetadataCollectorImpl  489  addIdentifierGenerator  HHH000069: Duplicate generator name ownerId_generator  
[INFO] :: 06-30-19 01:30:49 230 [main]  org.hibernate.engine.transaction.jta.platform.internal.JtaPlatformInitiator  52  initiateService  HHH000490: Using JtaPlatform implementation: [org.hibernate.engine.transaction.jta.platform.internal.NoJtaPlatform]  
[INFO] :: 06-30-19 01:30:54 338 [main]  springfox.documentation.spring.web.PropertySourcedRequestMappingHandlerMapping  69  initHandlerMethods  Mapped URL path [/v2/api-docs] onto method [springfox.documentation.swagger2.web.Swagger2Controller#getDocumentation(String, HttpServletRequest)]  
[INFO] :: 06-30-19 01:30:56 603 [main]  springfox.documentation.spring.web.plugins.DocumentationPluginsBootstrapper  160  start  Context refreshed  
[INFO] :: 06-30-19 01:30:56 801 [main]  springfox.documentation.spring.web.plugins.DocumentationPluginsBootstrapper  163  start  Found 1 custom documentation plugin(s)  
[INFO] :: 06-30-19 01:30:56 989 [main]  springfox.documentation.spring.web.scanners.ApiListingReferenceScanner  41  scan  Scanning for api listing references  
[INFO] :: 06-30-19 01:30:57 692 [main]  org.springframework.boot.StartupInfoLogger  61  logStarted  Started MailSenderUtilTest in 24.007 seconds (JVM running for 28.758)  
[INFO] :: 06-30-19 01:30:59 722 [main]  com.transport.rto.mail.sender.MailSenderUtil  41  sendMail  ***** sendMail method  from MailSenderUtil is starts******   
[INFO] :: 06-30-19 01:30:59 799 [main]  com.transport.rto.mail.sender.MailSenderUtil  54  sendMail  ***** Mail send  successFully For request******   
[INFO] :: 06-30-19 01:30:59 799 [main]  com.transport.rto.mail.sender.MailSenderUtil  59  sendMail  ***** sendMail method  from MailSenderUtil is ends******   
[INFO] :: 06-30-19 01:30:59 846 [main]  com.transport.rto.mail.sender.MailSenderUtil  41  sendMail  ***** sendMail method  from MailSenderUtil is starts******   
[ERROR] :: 06-30-19 01:30:59 846 [main]  com.transport.rto.mail.sender.MailSenderUtil  56  sendMail  *****some Exception occurred in mail*****javax.mail.internet.AddressException: Illegal address in string ``''  
[INFO] :: 06-30-19 01:30:59 862 [main]  com.transport.rto.mail.sender.MailSenderUtil  59  sendMail  ***** sendMail method  from MailSenderUtil is ends******   
[INFO] :: 06-31-19 01:31:01 034 [main]  com.transport.rto.resource.services.impl.VehicleSummaryServiceImpl  63  findVehicleDetails  *****findVehicleDetails for Rest Api  service is  starts******  
[INFO] :: 06-31-19 01:31:01 041 [main]  com.transport.rto.resource.services.impl.VehicleSummaryServiceImpl  79  findVehicleDetails  *****findVehicleDetails for Rest Api  service is  Ends******  
[INFO] :: 06-31-19 01:31:01 056 [main]  com.transport.rto.resource.services.impl.VehicleSummaryServiceImpl  63  findVehicleDetails  *****findVehicleDetails for Rest Api  service is  starts******  
[INFO] :: 06-31-19 01:31:03 528 [main]  com.transport.rto.services.impl.VchlRegistrationDetailsServiceImpl  87  findbyRegNum  *********findbyRegNum  method  of VchlRegDtlsServiceImpl Execution starts********  
[INFO] :: 06-31-19 01:31:03 535 [main]  com.transport.rto.services.impl.VchlRegistrationDetailsServiceImpl  91  findbyRegNum  *********findbyRegNum  method If block starts********  
[INFO] :: 06-31-19 01:31:03 536 [main]  com.transport.rto.services.impl.VchlRegistrationDetailsServiceImpl  94  findbyRegNum  *********findbyRegNum  method If block Ends********  
[INFO] :: 06-31-19 01:31:03 552 [main]  com.transport.rto.services.impl.VchlRegistrationDetailsServiceImpl  87  findbyRegNum  *********findbyRegNum  method  of VchlRegDtlsServiceImpl Execution starts********  
[INFO] :: 06-31-19 01:31:03 552 [main]  com.transport.rto.services.impl.VchlRegistrationDetailsServiceImpl  97  findbyRegNum  *********findbyRegNum  method  of VchlRegDtlsServiceImpl Execution Ends********  
[INFO] :: 06-31-19 01:31:03 630 [main]  com.transport.rto.services.impl.VchlRegistrationDetailsServiceImpl  59  registration  *********registration  method  of VchlRegDtlsServiceImpl Execution starts********  
[INFO] :: 06-31-19 01:31:03 630 [main]  com.transport.rto.services.impl.VchlRegistrationDetailsServiceImpl  65  registration  *********registration  method if block starts*****  
[INFO] :: 06-31-19 01:31:03 630 [main]  com.transport.rto.services.impl.VchlRegistrationDetailsServiceImpl  76  registration  *********registration  method if block completed******** mailstatus::false  
[INFO] :: 06-31-19 01:31:03 646 [main]  com.transport.rto.services.impl.VchlRegistrationDetailsServiceImpl  59  registration  *********registration  method  of VchlRegDtlsServiceImpl Execution starts********  
[INFO] :: 06-31-19 01:31:03 739 [main]  com.transport.rto.services.impl.VehicleDetailsServiceImpl  50  saveVehicleDetails  *******saveVehicleDetails from VehicleDtlsServiceImpl Execution starts *******  
[INFO] :: 06-31-19 01:31:03 771 [main]  com.transport.rto.services.impl.VehicleDetailsServiceImpl  54  saveVehicleDetails  *******saveVehicleDetails method if block started *******  
[INFO] :: 06-31-19 01:31:03 771 [main]  com.transport.rto.services.impl.VehicleDetailsServiceImpl  60  saveVehicleDetails  *******saveVehicleDetails method if block completed *******  
[INFO] :: 06-31-19 01:31:03 771 [main]  com.transport.rto.services.impl.VehicleDetailsServiceImpl  93  findVehicleByOwnerId  *******findVehicleByOwnerId from VehicleDtlsServiceImpl Execution Starts *******  
[INFO] :: 06-31-19 01:31:03 786 [main]  com.transport.rto.services.impl.VehicleDetailsServiceImpl  96  findVehicleByOwnerId  *******findVehicleByOwnerId method If block called *******  
[INFO] :: 06-31-19 01:31:03 786 [main]  com.transport.rto.services.impl.VehicleDetailsServiceImpl  99  findVehicleByOwnerId  *******findVehicleByOwnerId method If block completed *******  
[INFO] :: 06-31-19 01:31:03 786 [main]  com.transport.rto.services.impl.VehicleDetailsServiceImpl  50  saveVehicleDetails  *******saveVehicleDetails from VehicleDtlsServiceImpl Execution starts *******  
[INFO] :: 06-31-19 01:31:03 786 [main]  com.transport.rto.services.impl.VehicleDetailsServiceImpl  63  saveVehicleDetails  *******saveVehicleDetails from VehicleDtlsServiceImpl Execution ends *******  
[INFO] :: 06-31-19 01:31:03 802 [main]  com.transport.rto.services.impl.VehicleDetailsServiceImpl  93  findVehicleByOwnerId  *******findVehicleByOwnerId from VehicleDtlsServiceImpl Execution Starts *******  
[INFO] :: 06-31-19 01:31:03 802 [main]  com.transport.rto.services.impl.VehicleDetailsServiceImpl  102  findVehicleByOwnerId  *******findVehicleByOwnerId from VehicleDtlsServiceImpl Execution ends *******  
[INFO] :: 06-31-19 01:31:03 818 [main]  com.transport.rto.services.impl.VehicleDetailsServiceImpl  73  getVehicleDetails  *******getVehicleDetails from VehicleDtlsServiceImpl Execution starts *******  
[INFO] :: 06-31-19 01:31:03 818 [main]  com.transport.rto.services.impl.VehicleDetailsServiceImpl  82  getVehicleDetails  *******getVehicleDetails from VehicleDtlsServiceImpl Execution ends *******  
[INFO] :: 06-31-19 01:31:03 818 [main]  com.transport.rto.services.impl.VehicleDetailsServiceImpl  73  getVehicleDetails  *******getVehicleDetails from VehicleDtlsServiceImpl Execution starts *******  
[INFO] :: 06-31-19 01:31:03 818 [main]  com.transport.rto.services.impl.VehicleDetailsServiceImpl  76  getVehicleDetails  *******getVehicleDetails method If Block Called *******  
[INFO] :: 06-31-19 01:31:03 818 [main]  com.transport.rto.services.impl.VehicleDetailsServiceImpl  79  getVehicleDetails  *******getVehicleDetails method If Block completed *******  
[INFO] :: 06-31-19 01:31:03 896 [main]  com.transport.rto.services.impl.VehicleOwnerAddressServiceImpl  53  saveOwnerAddr  ****** saveOwnerAddr method  from VehicleOwnerAddressServiceImpl is executions starts*****  
[INFO] :: 06-31-19 01:31:03 896 [main]  com.transport.rto.services.impl.VehicleOwnerAddressServiceImpl  68  saveOwnerAddr  ****** saveOwnerAddr method  from VehicleOwnerAddressServiceImpl is execution ends*****  
[INFO] :: 06-31-19 01:31:03 911 [main]  com.transport.rto.services.impl.VehicleOwnerAddressServiceImpl  53  saveOwnerAddr  ****** saveOwnerAddr method  from VehicleOwnerAddressServiceImpl is executions starts*****  
[INFO] :: 06-31-19 01:31:03 911 [main]  com.transport.rto.services.impl.VehicleOwnerAddressServiceImpl  58  saveOwnerAddr  ****** saveOwnerAddr method if block started*****  
[INFO] :: 06-31-19 01:31:03 911 [main]  com.transport.rto.services.impl.VehicleOwnerAddressServiceImpl  65  saveOwnerAddr  ****** saveOwnerAddr method if block ended*****  
[INFO] :: 06-31-19 01:31:03 927 [main]  com.transport.rto.services.impl.VehicleOwnerAddressServiceImpl  101  findAddrbyOwnerId  ******findAddrbyOwnerId method  from VehicleOwnerAddressServiceImpl is execution Starts*****  
[INFO] :: 06-31-19 01:31:03 927 [main]  com.transport.rto.services.impl.VehicleOwnerAddressServiceImpl  104  findAddrbyOwnerId  ******findAddrbyOwnerId method  if Block execute*****  
[INFO] :: 06-31-19 01:31:03 927 [main]  com.transport.rto.services.impl.VehicleOwnerAddressServiceImpl  107  findAddrbyOwnerId  ******findAddrbyOwnerId method  if Block COmpleted*****  
[INFO] :: 06-31-19 01:31:03 927 [main]  com.transport.rto.services.impl.VehicleOwnerAddressServiceImpl  80  findAddrbyAddrId  ******findAddrbyAddrId method  from VehicleOwnerAddressServiceImpl is execution Starts*****  
[INFO] :: 06-31-19 01:31:03 927 [main]  com.transport.rto.services.impl.VehicleOwnerAddressServiceImpl  90  findAddrbyAddrId  ******findAddrbyAddrId method  from VehicleOwnerAddressServiceImpl is execution Ends*****  
[INFO] :: 06-31-19 01:31:03 943 [main]  com.transport.rto.services.impl.VehicleOwnerAddressServiceImpl  80  findAddrbyAddrId  ******findAddrbyAddrId method  from VehicleOwnerAddressServiceImpl is execution Starts*****  
[INFO] :: 06-31-19 01:31:03 943 [main]  com.transport.rto.services.impl.VehicleOwnerAddressServiceImpl  84  findAddrbyAddrId  ******findAddrbyAddrId method   If block satrted*****  
[INFO] :: 06-31-19 01:31:03 943 [main]  com.transport.rto.services.impl.VehicleOwnerAddressServiceImpl  87  findAddrbyAddrId  ******findAddrbyAddrId method   If block Ended*****  
[INFO] :: 06-31-19 01:31:03 958 [main]  com.transport.rto.services.impl.VehicleOwnerAddressServiceImpl  80  findAddrbyAddrId  ******findAddrbyAddrId method  from VehicleOwnerAddressServiceImpl is execution Starts*****  
[INFO] :: 06-31-19 01:31:03 958 [main]  com.transport.rto.services.impl.VehicleOwnerAddressServiceImpl  90  findAddrbyAddrId  ******findAddrbyAddrId method  from VehicleOwnerAddressServiceImpl is execution Ends*****  
[INFO] :: 06-31-19 01:31:03 989 [main]  com.transport.rto.services.impl.VehicleOwnerDetailsServiceImpl  39  saveOwnerDtls  *******saveOwnerAddr from VehicleOwnerDetailsServiceImpl execution starts *******  
[INFO] :: 06-31-19 01:31:03 989 [main]  com.transport.rto.services.impl.VehicleOwnerDetailsServiceImpl  43  saveOwnerDtls  *******saveOwnerAddr from VehicleOwnerDetailsServiceImpl executios completed *******  
[INFO] :: 06-31-19 01:31:03 989 [main]  com.transport.rto.services.impl.VehicleOwnerDetailsServiceImpl  51  findById  *******findById from VehicleOwnerDetailsServiceImpl execution starts *******  
[INFO] :: 06-31-19 01:31:04 005 [main]  com.transport.rto.services.impl.VehicleOwnerDetailsServiceImpl  55  findById  *******findById method  if block starts  *******  
[INFO] :: 06-31-19 01:31:04 005 [main]  com.transport.rto.services.impl.VehicleOwnerDetailsServiceImpl  58  findById  *******findById method if block ended *******  
[INFO] :: 06-31-19 01:31:04 005 [main]  com.transport.rto.services.impl.VehicleOwnerDetailsServiceImpl  51  findById  *******findById from VehicleOwnerDetailsServiceImpl execution starts *******  
[INFO] :: 06-31-19 01:31:04 005 [main]  com.transport.rto.services.impl.VehicleOwnerDetailsServiceImpl  61  findById  *******findById from VehicleOwnerDetailsServiceImpl  execution ended *******  
[INFO] :: 06-31-19 01:31:04 670 [SpringContextShutdownHook]  com.zaxxer.hikari.HikariDataSource  350  close  HikariPool-1 - Shutdown initiated...  
[INFO] :: 06-31-19 01:31:04 795 [SpringContextShutdownHook]  com.zaxxer.hikari.HikariDataSource  352  close  HikariPool-1 - Shutdown completed.  
[INFO] :: 06-37-19 01:37:40 770 [main]  org.springframework.boot.StartupInfoLogger  55  logStarting  Starting MailSenderUtilTest on RITURAJ-PC with PID 5788 (started by Rituraj in F:\ATS-ProjectWorkSpace\RTO_Application_Update)  
[INFO] :: 06-37-19 01:37:40 817 [main]  org.springframework.boot.SpringApplication  651  logStartupProfileInfo  No active profile set, falling back to default profiles: default  
[INFO] :: 06-37-19 01:37:48 770 [main]  org.hibernate.jpa.internal.util.LogHelper  31  logPersistenceUnitInformation  HHH000204: Processing PersistenceUnitInfo [name: default]  
[INFO] :: 06-37-19 01:37:49 174 [main]  org.hibernate.Version  46  logVersion  HHH000412: Hibernate Core {5.4.6.Final}  
[INFO] :: 06-37-19 01:37:50 096 [main]  org.hibernate.annotations.common.reflection.java.JavaReflectionManager  49  <clinit>  HCANN000001: Hibernate Commons Annotations {5.1.0.Final}  
[INFO] :: 06-37-19 01:37:50 920 [main]  com.zaxxer.hikari.HikariDataSource  110  getConnection  HikariPool-1 - Starting...  
[INFO] :: 06-37-19 01:37:52 295 [main]  com.zaxxer.hikari.pool.PoolBase  527  getAndSetNetworkTimeout  HikariPool-1 - Driver does not support get/set network timeout for connections. (oracle.jdbc.driver.T4CConnection.getNetworkTimeout()I)  
[INFO] :: 06-37-19 01:37:52 298 [main]  com.zaxxer.hikari.HikariDataSource  123  getConnection  HikariPool-1 - Start completed.  
[INFO] :: 06-37-19 01:37:52 407 [main]  org.hibernate.dialect.Dialect  172  <init>  HHH000400: Using dialect: org.hibernate.dialect.Oracle10gDialect  
[WARN] :: 06-37-19 01:37:54 204 [main]  org.hibernate.boot.internal.InFlightMetadataCollectorImpl  489  addIdentifierGenerator  HHH000069: Duplicate generator name ownerId_generator  
[INFO] :: 06-37-19 01:37:56 755 [main]  org.hibernate.engine.transaction.jta.platform.internal.JtaPlatformInitiator  52  initiateService  HHH000490: Using JtaPlatform implementation: [org.hibernate.engine.transaction.jta.platform.internal.NoJtaPlatform]  
[INFO] :: 06-38-19 01:38:01 900 [main]  springfox.documentation.spring.web.PropertySourcedRequestMappingHandlerMapping  69  initHandlerMethods  Mapped URL path [/v2/api-docs] onto method [springfox.documentation.swagger2.web.Swagger2Controller#getDocumentation(String, HttpServletRequest)]  
[INFO] :: 06-38-19 01:38:04 346 [main]  springfox.documentation.spring.web.plugins.DocumentationPluginsBootstrapper  160  start  Context refreshed  
[INFO] :: 06-38-19 01:38:04 489 [main]  springfox.documentation.spring.web.plugins.DocumentationPluginsBootstrapper  163  start  Found 1 custom documentation plugin(s)  
[INFO] :: 06-38-19 01:38:04 614 [main]  springfox.documentation.spring.web.scanners.ApiListingReferenceScanner  41  scan  Scanning for api listing references  
[INFO] :: 06-38-19 01:38:05 146 [main]  org.springframework.boot.StartupInfoLogger  61  logStarted  Started MailSenderUtilTest in 25.909 seconds (JVM running for 30.192)  
[INFO] :: 06-38-19 01:38:06 458 [main]  com.transport.rto.mail.sender.MailSenderUtil  41  sendMail  ***** sendMail method  from MailSenderUtil is starts******   
[INFO] :: 06-38-19 01:38:06 498 [main]  com.transport.rto.mail.sender.MailSenderUtil  54  sendMail  ***** Mail send  successFully For request******   
[INFO] :: 06-38-19 01:38:06 498 [main]  com.transport.rto.mail.sender.MailSenderUtil  59  sendMail  ***** sendMail method  from MailSenderUtil is ends******   
[INFO] :: 06-38-19 01:38:06 529 [main]  com.transport.rto.mail.sender.MailSenderUtil  41  sendMail  ***** sendMail method  from MailSenderUtil is starts******   
[ERROR] :: 06-38-19 01:38:06 529 [main]  com.transport.rto.mail.sender.MailSenderUtil  56  sendMail  *****some Exception occurred in mail*****javax.mail.internet.AddressException: Illegal address in string ``''  
[INFO] :: 06-38-19 01:38:06 529 [main]  com.transport.rto.mail.sender.MailSenderUtil  59  sendMail  ***** sendMail method  from MailSenderUtil is ends******   
[INFO] :: 06-38-19 01:38:07 123 [main]  com.transport.rto.resource.services.impl.VehicleSummaryServiceImpl  63  findVehicleDetails  *****findVehicleDetails for Rest Api  service is  starts******  
[INFO] :: 06-38-19 01:38:07 123 [main]  com.transport.rto.resource.services.impl.VehicleSummaryServiceImpl  79  findVehicleDetails  *****findVehicleDetails for Rest Api  service is  Ends******  
[INFO] :: 06-38-19 01:38:07 154 [main]  com.transport.rto.resource.services.impl.VehicleSummaryServiceImpl  63  findVehicleDetails  *****findVehicleDetails for Rest Api  service is  starts******  
[INFO] :: 06-38-19 01:38:07 865 [main]  com.transport.rto.services.impl.VchlRegistrationDetailsServiceImpl  87  findbyRegNum  *********findbyRegNum  method  of VchlRegDtlsServiceImpl Execution starts********  
[INFO] :: 06-38-19 01:38:07 865 [main]  com.transport.rto.services.impl.VchlRegistrationDetailsServiceImpl  91  findbyRegNum  *********findbyRegNum  method If block starts********  
[INFO] :: 06-38-19 01:38:07 865 [main]  com.transport.rto.services.impl.VchlRegistrationDetailsServiceImpl  94  findbyRegNum  *********findbyRegNum  method If block Ends********  
[INFO] :: 06-38-19 01:38:07 881 [main]  com.transport.rto.services.impl.VchlRegistrationDetailsServiceImpl  87  findbyRegNum  *********findbyRegNum  method  of VchlRegDtlsServiceImpl Execution starts********  
[INFO] :: 06-38-19 01:38:07 881 [main]  com.transport.rto.services.impl.VchlRegistrationDetailsServiceImpl  97  findbyRegNum  *********findbyRegNum  method  of VchlRegDtlsServiceImpl Execution Ends********  
[INFO] :: 06-38-19 01:38:07 944 [main]  com.transport.rto.services.impl.VchlRegistrationDetailsServiceImpl  59  registration  *********registration  method  of VchlRegDtlsServiceImpl Execution starts********  
[INFO] :: 06-38-19 01:38:07 944 [main]  com.transport.rto.services.impl.VchlRegistrationDetailsServiceImpl  65  registration  *********registration  method if block starts*****  
[INFO] :: 06-38-19 01:38:07 944 [main]  com.transport.rto.services.impl.VchlRegistrationDetailsServiceImpl  76  registration  *********registration  method if block completed******** mailstatus::false  
[INFO] :: 06-38-19 01:38:07 959 [main]  com.transport.rto.services.impl.VchlRegistrationDetailsServiceImpl  59  registration  *********registration  method  of VchlRegDtlsServiceImpl Execution starts********  
[INFO] :: 06-38-19 01:38:08 053 [main]  com.transport.rto.services.impl.VehicleDetailsServiceImpl  50  saveVehicleDetails  *******saveVehicleDetails from VehicleDtlsServiceImpl Execution starts *******  
[INFO] :: 06-38-19 01:38:08 053 [main]  com.transport.rto.services.impl.VehicleDetailsServiceImpl  54  saveVehicleDetails  *******saveVehicleDetails method if block started *******  
[INFO] :: 06-38-19 01:38:08 053 [main]  com.transport.rto.services.impl.VehicleDetailsServiceImpl  60  saveVehicleDetails  *******saveVehicleDetails method if block completed *******  
[INFO] :: 06-38-19 01:38:08 069 [main]  com.transport.rto.services.impl.VehicleDetailsServiceImpl  93  findVehicleByOwnerId  *******findVehicleByOwnerId from VehicleDtlsServiceImpl Execution Starts *******  
[INFO] :: 06-38-19 01:38:08 069 [main]  com.transport.rto.services.impl.VehicleDetailsServiceImpl  96  findVehicleByOwnerId  *******findVehicleByOwnerId method If block called *******  
[INFO] :: 06-38-19 01:38:08 069 [main]  com.transport.rto.services.impl.VehicleDetailsServiceImpl  99  findVehicleByOwnerId  *******findVehicleByOwnerId method If block completed *******  
[INFO] :: 06-38-19 01:38:08 069 [main]  com.transport.rto.services.impl.VehicleDetailsServiceImpl  50  saveVehicleDetails  *******saveVehicleDetails from VehicleDtlsServiceImpl Execution starts *******  
[INFO] :: 06-38-19 01:38:08 069 [main]  com.transport.rto.services.impl.VehicleDetailsServiceImpl  63  saveVehicleDetails  *******saveVehicleDetails from VehicleDtlsServiceImpl Execution ends *******  
[INFO] :: 06-38-19 01:38:08 084 [main]  com.transport.rto.services.impl.VehicleDetailsServiceImpl  93  findVehicleByOwnerId  *******findVehicleByOwnerId from VehicleDtlsServiceImpl Execution Starts *******  
[INFO] :: 06-38-19 01:38:08 084 [main]  com.transport.rto.services.impl.VehicleDetailsServiceImpl  102  findVehicleByOwnerId  *******findVehicleByOwnerId from VehicleDtlsServiceImpl Execution ends *******  
[INFO] :: 06-38-19 01:38:08 100 [main]  com.transport.rto.services.impl.VehicleDetailsServiceImpl  73  getVehicleDetails  *******getVehicleDetails from VehicleDtlsServiceImpl Execution starts *******  
[INFO] :: 06-38-19 01:38:08 100 [main]  com.transport.rto.services.impl.VehicleDetailsServiceImpl  82  getVehicleDetails  *******getVehicleDetails from VehicleDtlsServiceImpl Execution ends *******  
[INFO] :: 06-38-19 01:38:08 115 [main]  com.transport.rto.services.impl.VehicleDetailsServiceImpl  73  getVehicleDetails  *******getVehicleDetails from VehicleDtlsServiceImpl Execution starts *******  
[INFO] :: 06-38-19 01:38:08 115 [main]  com.transport.rto.services.impl.VehicleDetailsServiceImpl  76  getVehicleDetails  *******getVehicleDetails method If Block Called *******  
[INFO] :: 06-38-19 01:38:08 115 [main]  com.transport.rto.services.impl.VehicleDetailsServiceImpl  79  getVehicleDetails  *******getVehicleDetails method If Block completed *******  
[INFO] :: 06-38-19 01:38:08 256 [main]  com.transport.rto.services.impl.VehicleOwnerAddressServiceImpl  53  saveOwnerAddr  ****** saveOwnerAddr method  from VehicleOwnerAddressServiceImpl is executions starts*****  
[INFO] :: 06-38-19 01:38:08 256 [main]  com.transport.rto.services.impl.VehicleOwnerAddressServiceImpl  68  saveOwnerAddr  ****** saveOwnerAddr method  from VehicleOwnerAddressServiceImpl is execution ends*****  
[INFO] :: 06-38-19 01:38:08 272 [main]  com.transport.rto.services.impl.VehicleOwnerAddressServiceImpl  53  saveOwnerAddr  ****** saveOwnerAddr method  from VehicleOwnerAddressServiceImpl is executions starts*****  
[INFO] :: 06-38-19 01:38:08 272 [main]  com.transport.rto.services.impl.VehicleOwnerAddressServiceImpl  58  saveOwnerAddr  ****** saveOwnerAddr method if block started*****  
[INFO] :: 06-38-19 01:38:08 287 [main]  com.transport.rto.services.impl.VehicleOwnerAddressServiceImpl  65  saveOwnerAddr  ****** saveOwnerAddr method if block ended*****  
[INFO] :: 06-38-19 01:38:08 287 [main]  com.transport.rto.services.impl.VehicleOwnerAddressServiceImpl  101  findAddrbyOwnerId  ******findAddrbyOwnerId method  from VehicleOwnerAddressServiceImpl is execution Starts*****  
[INFO] :: 06-38-19 01:38:08 287 [main]  com.transport.rto.services.impl.VehicleOwnerAddressServiceImpl  104  findAddrbyOwnerId  ******findAddrbyOwnerId method  if Block execute*****  
[INFO] :: 06-38-19 01:38:08 287 [main]  com.transport.rto.services.impl.VehicleOwnerAddressServiceImpl  107  findAddrbyOwnerId  ******findAddrbyOwnerId method  if Block COmpleted*****  
[INFO] :: 06-38-19 01:38:08 303 [main]  com.transport.rto.services.impl.VehicleOwnerAddressServiceImpl  101  findAddrbyOwnerId  ******findAddrbyOwnerId method  from VehicleOwnerAddressServiceImpl is execution Starts*****  
[INFO] :: 06-38-19 01:38:08 303 [main]  com.transport.rto.services.impl.VehicleOwnerAddressServiceImpl  110  findAddrbyOwnerId  ******findAddrbyOwnerId method  from VehicleOwnerAddressServiceImpl is execution Ends*****  
[INFO] :: 06-38-19 01:38:08 303 [main]  com.transport.rto.services.impl.VehicleOwnerAddressServiceImpl  80  findAddrbyAddrId  ******findAddrbyAddrId method  from VehicleOwnerAddressServiceImpl is execution Starts*****  
[INFO] :: 06-38-19 01:38:08 319 [main]  com.transport.rto.services.impl.VehicleOwnerAddressServiceImpl  84  findAddrbyAddrId  ******findAddrbyAddrId method   If block satrted*****  
[INFO] :: 06-38-19 01:38:08 319 [main]  com.transport.rto.services.impl.VehicleOwnerAddressServiceImpl  87  findAddrbyAddrId  ******findAddrbyAddrId method   If block Ended*****  
[INFO] :: 06-38-19 01:38:08 319 [main]  com.transport.rto.services.impl.VehicleOwnerAddressServiceImpl  80  findAddrbyAddrId  ******findAddrbyAddrId method  from VehicleOwnerAddressServiceImpl is execution Starts*****  
[INFO] :: 06-38-19 01:38:08 319 [main]  com.transport.rto.services.impl.VehicleOwnerAddressServiceImpl  90  findAddrbyAddrId  ******findAddrbyAddrId method  from VehicleOwnerAddressServiceImpl is execution Ends*****  
[INFO] :: 06-38-19 01:38:08 350 [main]  com.transport.rto.services.impl.VehicleOwnerDetailsServiceImpl  39  saveOwnerDtls  *******saveOwnerAddr from VehicleOwnerDetailsServiceImpl execution starts *******  
[INFO] :: 06-38-19 01:38:08 350 [main]  com.transport.rto.services.impl.VehicleOwnerDetailsServiceImpl  43  saveOwnerDtls  *******saveOwnerAddr from VehicleOwnerDetailsServiceImpl executios completed *******  
[INFO] :: 06-38-19 01:38:08 365 [main]  com.transport.rto.services.impl.VehicleOwnerDetailsServiceImpl  51  findById  *******findById from VehicleOwnerDetailsServiceImpl execution starts *******  
[INFO] :: 06-38-19 01:38:08 365 [main]  com.transport.rto.services.impl.VehicleOwnerDetailsServiceImpl  55  findById  *******findById method  if block starts  *******  
[INFO] :: 06-38-19 01:38:08 365 [main]  com.transport.rto.services.impl.VehicleOwnerDetailsServiceImpl  58  findById  *******findById method if block ended *******  
[INFO] :: 06-38-19 01:38:08 365 [main]  com.transport.rto.services.impl.VehicleOwnerDetailsServiceImpl  51  findById  *******findById from VehicleOwnerDetailsServiceImpl execution starts *******  
[INFO] :: 06-38-19 01:38:08 365 [main]  com.transport.rto.services.impl.VehicleOwnerDetailsServiceImpl  61  findById  *******findById from VehicleOwnerDetailsServiceImpl  execution ended *******  
[INFO] :: 06-38-19 01:38:08 537 [SpringContextShutdownHook]  com.zaxxer.hikari.HikariDataSource  350  close  HikariPool-1 - Shutdown initiated...  
[INFO] :: 06-38-19 01:38:08 584 [SpringContextShutdownHook]  com.zaxxer.hikari.HikariDataSource  352  close  HikariPool-1 - Shutdown completed.  
[INFO] :: 06-41-19 01:41:53 961 [main]  org.springframework.boot.StartupInfoLogger  55  logStarting  Starting VehicleSummaryServiceImplTest on RITURAJ-PC with PID 7384 (started by Rituraj in F:\ATS-ProjectWorkSpace\RTO_Application_Update)  
[INFO] :: 06-41-19 01:41:53 977 [main]  org.springframework.boot.SpringApplication  651  logStartupProfileInfo  No active profile set, falling back to default profiles: default  
[INFO] :: 06-41-19 01:41:59 945 [main]  org.hibernate.jpa.internal.util.LogHelper  31  logPersistenceUnitInformation  HHH000204: Processing PersistenceUnitInfo [name: default]  
[INFO] :: 06-42-19 01:42:00 161 [main]  org.hibernate.Version  46  logVersion  HHH000412: Hibernate Core {5.4.6.Final}  
[INFO] :: 06-42-19 01:42:00 832 [main]  org.hibernate.annotations.common.reflection.java.JavaReflectionManager  49  <clinit>  HCANN000001: Hibernate Commons Annotations {5.1.0.Final}  
[INFO] :: 06-42-19 01:42:01 395 [main]  com.zaxxer.hikari.HikariDataSource  110  getConnection  HikariPool-1 - Starting...  
[INFO] :: 06-42-19 01:42:02 409 [main]  com.zaxxer.hikari.pool.PoolBase  527  getAndSetNetworkTimeout  HikariPool-1 - Driver does not support get/set network timeout for connections. (oracle.jdbc.driver.T4CConnection.getNetworkTimeout()I)  
[INFO] :: 06-42-19 01:42:02 412 [main]  com.zaxxer.hikari.HikariDataSource  123  getConnection  HikariPool-1 - Start completed.  
[INFO] :: 06-42-19 01:42:02 522 [main]  org.hibernate.dialect.Dialect  172  <init>  HHH000400: Using dialect: org.hibernate.dialect.Oracle10gDialect  
[WARN] :: 06-42-19 01:42:03 241 [main]  org.hibernate.boot.internal.InFlightMetadataCollectorImpl  489  addIdentifierGenerator  HHH000069: Duplicate generator name ownerId_generator  
[INFO] :: 06-42-19 01:42:07 037 [main]  org.hibernate.engine.transaction.jta.platform.internal.JtaPlatformInitiator  52  initiateService  HHH000490: Using JtaPlatform implementation: [org.hibernate.engine.transaction.jta.platform.internal.NoJtaPlatform]  
[INFO] :: 06-42-19 01:42:12 088 [main]  springfox.documentation.spring.web.PropertySourcedRequestMappingHandlerMapping  69  initHandlerMethods  Mapped URL path [/v2/api-docs] onto method [springfox.documentation.swagger2.web.Swagger2Controller#getDocumentation(String, HttpServletRequest)]  
[INFO] :: 06-42-19 01:42:13 952 [main]  springfox.documentation.spring.web.plugins.DocumentationPluginsBootstrapper  160  start  Context refreshed  
[INFO] :: 06-42-19 01:42:14 011 [main]  springfox.documentation.spring.web.plugins.DocumentationPluginsBootstrapper  163  start  Found 1 custom documentation plugin(s)  
[INFO] :: 06-42-19 01:42:14 120 [main]  springfox.documentation.spring.web.scanners.ApiListingReferenceScanner  41  scan  Scanning for api listing references  
[INFO] :: 06-42-19 01:42:14 542 [main]  org.springframework.boot.StartupInfoLogger  61  logStarted  Started VehicleSummaryServiceImplTest in 21.83 seconds (JVM running for 28.124)  
[INFO] :: 06-42-19 01:42:27 182 [main]  com.transport.rto.resource.services.impl.VehicleSummaryServiceImpl  63  findVehicleDetails  *****findVehicleDetails for Rest Api  service is  starts******  
[INFO] :: 06-43-19 01:43:16 652 [main]  com.transport.rto.resource.services.impl.VehicleSummaryServiceImpl  79  findVehicleDetails  *****findVehicleDetails for Rest Api  service is  Ends******  
[INFO] :: 06-43-19 01:43:20 361 [main]  com.transport.rto.resource.services.impl.VehicleSummaryServiceImpl  63  findVehicleDetails  *****findVehicleDetails for Rest Api  service is  starts******  
[INFO] :: 06-43-19 01:43:20 502 [SpringContextShutdownHook]  com.zaxxer.hikari.HikariDataSource  350  close  HikariPool-1 - Shutdown initiated...  
[INFO] :: 06-43-19 01:43:20 533 [SpringContextShutdownHook]  com.zaxxer.hikari.HikariDataSource  352  close  HikariPool-1 - Shutdown completed.  
[INFO] :: 06-22-19 07:22:22 235 [main]  org.springframework.boot.StartupInfoLogger  55  logStarting  Starting VehicleOwnerDetailsServiceImplTest on RITURAJ-PC with PID 7484 (started by Rituraj in F:\ATS-ProjectWorkSpace\RTO_Application_Update)  
[INFO] :: 06-22-19 07:22:22 311 [main]  org.springframework.boot.SpringApplication  651  logStartupProfileInfo  No active profile set, falling back to default profiles: default  
[INFO] :: 06-22-19 07:22:29 951 [main]  org.hibernate.jpa.internal.util.LogHelper  31  logPersistenceUnitInformation  HHH000204: Processing PersistenceUnitInfo [name: default]  
[INFO] :: 06-22-19 07:22:30 138 [main]  org.hibernate.Version  46  logVersion  HHH000412: Hibernate Core {5.4.6.Final}  
[INFO] :: 06-22-19 07:22:30 740 [main]  org.hibernate.annotations.common.reflection.java.JavaReflectionManager  49  <clinit>  HCANN000001: Hibernate Commons Annotations {5.1.0.Final}  
[INFO] :: 06-22-19 07:22:31 607 [main]  com.zaxxer.hikari.HikariDataSource  110  getConnection  HikariPool-1 - Starting...  
[INFO] :: 06-22-19 07:22:32 835 [main]  com.zaxxer.hikari.pool.PoolBase  527  getAndSetNetworkTimeout  HikariPool-1 - Driver does not support get/set network timeout for connections. (oracle.jdbc.driver.T4CConnection.getNetworkTimeout()I)  
[INFO] :: 06-22-19 07:22:32 844 [main]  com.zaxxer.hikari.HikariDataSource  123  getConnection  HikariPool-1 - Start completed.  
[INFO] :: 06-22-19 07:22:32 976 [main]  org.hibernate.dialect.Dialect  172  <init>  HHH000400: Using dialect: org.hibernate.dialect.Oracle10gDialect  
[WARN] :: 06-22-19 07:22:33 724 [main]  org.hibernate.boot.internal.InFlightMetadataCollectorImpl  489  addIdentifierGenerator  HHH000069: Duplicate generator name ownerId_generator  
[INFO] :: 06-22-19 07:22:36 672 [main]  org.hibernate.engine.transaction.jta.platform.internal.JtaPlatformInitiator  52  initiateService  HHH000490: Using JtaPlatform implementation: [org.hibernate.engine.transaction.jta.platform.internal.NoJtaPlatform]  
[INFO] :: 06-22-19 07:22:41 418 [main]  springfox.documentation.spring.web.PropertySourcedRequestMappingHandlerMapping  69  initHandlerMethods  Mapped URL path [/v2/api-docs] onto method [springfox.documentation.swagger2.web.Swagger2Controller#getDocumentation(String, HttpServletRequest)]  
[INFO] :: 06-22-19 07:22:43 394 [main]  springfox.documentation.spring.web.plugins.DocumentationPluginsBootstrapper  160  start  Context refreshed  
[INFO] :: 06-22-19 07:22:43 521 [main]  springfox.documentation.spring.web.plugins.DocumentationPluginsBootstrapper  163  start  Found 1 custom documentation plugin(s)  
[INFO] :: 06-22-19 07:22:43 632 [main]  springfox.documentation.spring.web.scanners.ApiListingReferenceScanner  41  scan  Scanning for api listing references  
[INFO] :: 06-22-19 07:22:44 091 [main]  org.springframework.boot.StartupInfoLogger  61  logStarted  Started VehicleOwnerDetailsServiceImplTest in 23.044 seconds (JVM running for 25.817)  
[INFO] :: 06-22-19 07:22:44 848 [main]  com.transport.rto.services.impl.VehicleOwnerDetailsServiceImpl  40  saveOwnerDtls  *******saveOwnerAddr from VehicleOwnerDetailsServiceImpl execution starts *******  
[INFO] :: 06-22-19 07:22:44 863 [main]  com.transport.rto.services.impl.VehicleOwnerDetailsServiceImpl  44  saveOwnerDtls  *******saveOwnerAddr from VehicleOwnerDetailsServiceImpl executios completed *******  
[INFO] :: 06-22-19 07:22:44 946 [main]  com.transport.rto.services.impl.VehicleOwnerDetailsServiceImpl  40  saveOwnerDtls  *******saveOwnerAddr from VehicleOwnerDetailsServiceImpl execution starts *******  
[INFO] :: 06-22-19 07:22:44 949 [main]  com.transport.rto.services.impl.VehicleOwnerDetailsServiceImpl  44  saveOwnerDtls  *******saveOwnerAddr from VehicleOwnerDetailsServiceImpl executios completed *******  
[INFO] :: 06-22-19 07:22:44 968 [main]  com.transport.rto.services.impl.VehicleOwnerDetailsServiceImpl  59  findById  *******findById from VehicleOwnerDetailsServiceImpl execution starts *******  
[INFO] :: 06-22-19 07:22:44 970 [main]  com.transport.rto.services.impl.VehicleOwnerDetailsServiceImpl  63  findById  *******findById method  if block starts  *******  
[INFO] :: 06-22-19 07:22:44 986 [main]  com.transport.rto.services.impl.VehicleOwnerDetailsServiceImpl  66  findById  *******findById method if block ended *******  
[INFO] :: 06-22-19 07:22:45 007 [main]  com.transport.rto.services.impl.VehicleOwnerDetailsServiceImpl  59  findById  *******findById from VehicleOwnerDetailsServiceImpl execution starts *******  
[INFO] :: 06-22-19 07:22:45 009 [main]  com.transport.rto.services.impl.VehicleOwnerDetailsServiceImpl  69  findById  *******findById from VehicleOwnerDetailsServiceImpl  execution ended *******  
[INFO] :: 06-22-19 07:22:45 078 [SpringContextShutdownHook]  com.zaxxer.hikari.HikariDataSource  350  close  HikariPool-1 - Shutdown initiated...  
[INFO] :: 06-22-19 07:22:45 167 [SpringContextShutdownHook]  com.zaxxer.hikari.HikariDataSource  352  close  HikariPool-1 - Shutdown completed.  
[INFO] :: 06-40-19 07:40:31 550 [main]  org.springframework.boot.StartupInfoLogger  55  logStarting  Starting MailSenderUtilTest on RITURAJ-PC with PID 7368 (started by Rituraj in F:\ATS-ProjectWorkSpace\RTO_Application_Update)  
[INFO] :: 06-40-19 07:40:31 613 [main]  org.springframework.boot.SpringApplication  651  logStartupProfileInfo  No active profile set, falling back to default profiles: default  
[INFO] :: 06-40-19 07:40:39 821 [main]  org.hibernate.jpa.internal.util.LogHelper  31  logPersistenceUnitInformation  HHH000204: Processing PersistenceUnitInfo [name: default]  
[INFO] :: 06-40-19 07:40:40 237 [main]  org.hibernate.Version  46  logVersion  HHH000412: Hibernate Core {5.4.6.Final}  
[INFO] :: 06-40-19 07:40:41 158 [main]  org.hibernate.annotations.common.reflection.java.JavaReflectionManager  49  <clinit>  HCANN000001: Hibernate Commons Annotations {5.1.0.Final}  
[INFO] :: 06-40-19 07:40:41 887 [main]  com.zaxxer.hikari.HikariDataSource  110  getConnection  HikariPool-1 - Starting...  
[INFO] :: 06-40-19 07:40:43 364 [main]  com.zaxxer.hikari.pool.PoolBase  527  getAndSetNetworkTimeout  HikariPool-1 - Driver does not support get/set network timeout for connections. (oracle.jdbc.driver.T4CConnection.getNetworkTimeout()I)  
[INFO] :: 06-40-19 07:40:43 374 [main]  com.zaxxer.hikari.HikariDataSource  123  getConnection  HikariPool-1 - Start completed.  
[INFO] :: 06-40-19 07:40:43 571 [main]  org.hibernate.dialect.Dialect  172  <init>  HHH000400: Using dialect: org.hibernate.dialect.Oracle10gDialect  
[WARN] :: 06-40-19 07:40:44 858 [main]  org.hibernate.boot.internal.InFlightMetadataCollectorImpl  489  addIdentifierGenerator  HHH000069: Duplicate generator name ownerId_generator  
[INFO] :: 06-40-19 07:40:48 285 [main]  org.hibernate.engine.transaction.jta.platform.internal.JtaPlatformInitiator  52  initiateService  HHH000490: Using JtaPlatform implementation: [org.hibernate.engine.transaction.jta.platform.internal.NoJtaPlatform]  
[INFO] :: 06-40-19 07:40:54 019 [main]  springfox.documentation.spring.web.PropertySourcedRequestMappingHandlerMapping  69  initHandlerMethods  Mapped URL path [/v2/api-docs] onto method [springfox.documentation.swagger2.web.Swagger2Controller#getDocumentation(String, HttpServletRequest)]  
[INFO] :: 06-40-19 07:40:56 613 [main]  springfox.documentation.spring.web.plugins.DocumentationPluginsBootstrapper  160  start  Context refreshed  
[INFO] :: 06-40-19 07:40:56 802 [main]  springfox.documentation.spring.web.plugins.DocumentationPluginsBootstrapper  163  start  Found 1 custom documentation plugin(s)  
[INFO] :: 06-40-19 07:40:56 998 [main]  springfox.documentation.spring.web.scanners.ApiListingReferenceScanner  41  scan  Scanning for api listing references  
[INFO] :: 06-40-19 07:40:57 758 [main]  org.springframework.boot.StartupInfoLogger  61  logStarted  Started MailSenderUtilTest in 28.277 seconds (JVM running for 34.096)  
[INFO] :: 06-40-19 07:40:59 300 [main]  com.transport.rto.mail.sender.MailSenderUtil  41  sendMail  ***** sendMail method  from MailSenderUtil is starts******   
[INFO] :: 06-40-19 07:40:59 637 [main]  com.transport.rto.mail.sender.MailSenderUtil  54  sendMail  ***** Mail send  successFully For request******   
[INFO] :: 06-40-19 07:40:59 640 [main]  com.transport.rto.mail.sender.MailSenderUtil  59  sendMail  ***** sendMail method  from MailSenderUtil is ends******   
[INFO] :: 06-40-19 07:40:59 944 [main]  com.transport.rto.mail.sender.MailSenderUtil  41  sendMail  ***** sendMail method  from MailSenderUtil is starts******   
[ERROR] :: 06-40-19 07:40:59 964 [main]  com.transport.rto.mail.sender.MailSenderUtil  56  sendMail  *****some Exception occurred in mail*****javax.mail.internet.AddressException: Illegal address in string ``''  
[INFO] :: 06-40-19 07:40:59 965 [main]  com.transport.rto.mail.sender.MailSenderUtil  59  sendMail  ***** sendMail method  from MailSenderUtil is ends******   
[INFO] :: 06-41-19 07:41:00 185 [main]  com.transport.rto.resource.services.impl.VehicleSummaryServiceImpl  63  findVehicleDetails  *****findVehicleDetails for Rest Api  service is  starts******  
[INFO] :: 06-41-19 07:41:00 189 [main]  com.transport.rto.resource.services.impl.VehicleSummaryServiceImpl  79  findVehicleDetails  *****findVehicleDetails for Rest Api  service is  Ends******  
[INFO] :: 06-41-19 07:41:00 212 [main]  com.transport.rto.resource.services.impl.VehicleSummaryServiceImpl  63  findVehicleDetails  *****findVehicleDetails for Rest Api  service is  starts******  
[INFO] :: 06-41-19 07:41:00 647 [main]  com.transport.rto.services.impl.VchlRegistrationDetailsServiceImpl  87  findbyRegNum  *********findbyRegNum  method  of VchlRegDtlsServiceImpl Execution starts********  
[INFO] :: 06-41-19 07:41:00 648 [main]  com.transport.rto.services.impl.VchlRegistrationDetailsServiceImpl  91  findbyRegNum  *********findbyRegNum  method If block starts********  
[INFO] :: 06-41-19 07:41:00 653 [main]  com.transport.rto.services.impl.VchlRegistrationDetailsServiceImpl  94  findbyRegNum  *********findbyRegNum  method If block Ends********  
[INFO] :: 06-41-19 07:41:00 668 [main]  com.transport.rto.services.impl.VchlRegistrationDetailsServiceImpl  87  findbyRegNum  *********findbyRegNum  method  of VchlRegDtlsServiceImpl Execution starts********  
[INFO] :: 06-41-19 07:41:00 669 [main]  com.transport.rto.services.impl.VchlRegistrationDetailsServiceImpl  97  findbyRegNum  *********findbyRegNum  method  of VchlRegDtlsServiceImpl Execution Ends********  
[INFO] :: 06-41-19 07:41:00 696 [main]  com.transport.rto.services.impl.VchlRegistrationDetailsServiceImpl  59  registration  *********registration  method  of VchlRegDtlsServiceImpl Execution starts********  
[INFO] :: 06-41-19 07:41:00 697 [main]  com.transport.rto.services.impl.VchlRegistrationDetailsServiceImpl  65  registration  *********registration  method if block starts*****  
[INFO] :: 06-41-19 07:41:00 701 [main]  com.transport.rto.services.impl.VchlRegistrationDetailsServiceImpl  76  registration  *********registration  method if block completed******** mailstatus::false  
[INFO] :: 06-41-19 07:41:00 722 [main]  com.transport.rto.services.impl.VchlRegistrationDetailsServiceImpl  59  registration  *********registration  method  of VchlRegDtlsServiceImpl Execution starts********  
[INFO] :: 06-41-19 07:41:00 868 [main]  com.transport.rto.services.impl.VehicleDetailsServiceImpl  50  saveVehicleDetails  *******saveVehicleDetails from VehicleDtlsServiceImpl Execution starts *******  
[INFO] :: 06-41-19 07:41:00 869 [main]  com.transport.rto.services.impl.VehicleDetailsServiceImpl  54  saveVehicleDetails  *******saveVehicleDetails method if block started *******  
[INFO] :: 06-41-19 07:41:00 871 [main]  com.transport.rto.services.impl.VehicleDetailsServiceImpl  60  saveVehicleDetails  *******saveVehicleDetails method if block completed *******  
[INFO] :: 06-41-19 07:41:00 886 [main]  com.transport.rto.services.impl.VehicleDetailsServiceImpl  93  findVehicleByOwnerId  *******findVehicleByOwnerId from VehicleDtlsServiceImpl Execution Starts *******  
[INFO] :: 06-41-19 07:41:00 889 [main]  com.transport.rto.services.impl.VehicleDetailsServiceImpl  96  findVehicleByOwnerId  *******findVehicleByOwnerId method If block called *******  
[INFO] :: 06-41-19 07:41:00 892 [main]  com.transport.rto.services.impl.VehicleDetailsServiceImpl  99  findVehicleByOwnerId  *******findVehicleByOwnerId method If block completed *******  
[INFO] :: 06-41-19 07:41:00 909 [main]  com.transport.rto.services.impl.VehicleDetailsServiceImpl  50  saveVehicleDetails  *******saveVehicleDetails from VehicleDtlsServiceImpl Execution starts *******  
[INFO] :: 06-41-19 07:41:00 912 [main]  com.transport.rto.services.impl.VehicleDetailsServiceImpl  63  saveVehicleDetails  *******saveVehicleDetails from VehicleDtlsServiceImpl Execution ends *******  
[INFO] :: 06-41-19 07:41:00 932 [main]  com.transport.rto.services.impl.VehicleDetailsServiceImpl  93  findVehicleByOwnerId  *******findVehicleByOwnerId from VehicleDtlsServiceImpl Execution Starts *******  
[INFO] :: 06-41-19 07:41:00 933 [main]  com.transport.rto.services.impl.VehicleDetailsServiceImpl  102  findVehicleByOwnerId  *******findVehicleByOwnerId from VehicleDtlsServiceImpl Execution ends *******  
[INFO] :: 06-41-19 07:41:00 946 [main]  com.transport.rto.services.impl.VehicleDetailsServiceImpl  73  getVehicleDetails  *******getVehicleDetails from VehicleDtlsServiceImpl Execution starts *******  
[INFO] :: 06-41-19 07:41:00 947 [main]  com.transport.rto.services.impl.VehicleDetailsServiceImpl  82  getVehicleDetails  *******getVehicleDetails from VehicleDtlsServiceImpl Execution ends *******  
[INFO] :: 06-41-19 07:41:00 959 [main]  com.transport.rto.services.impl.VehicleDetailsServiceImpl  73  getVehicleDetails  *******getVehicleDetails from VehicleDtlsServiceImpl Execution starts *******  
[INFO] :: 06-41-19 07:41:00 960 [main]  com.transport.rto.services.impl.VehicleDetailsServiceImpl  76  getVehicleDetails  *******getVehicleDetails method If Block Called *******  
[INFO] :: 06-41-19 07:41:00 961 [main]  com.transport.rto.services.impl.VehicleDetailsServiceImpl  79  getVehicleDetails  *******getVehicleDetails method If Block completed *******  
[INFO] :: 06-41-19 07:41:01 093 [main]  com.transport.rto.services.impl.VehicleOwnerAddressServiceImpl  53  saveOwnerAddr  ****** saveOwnerAddr method  from VehicleOwnerAddressServiceImpl is executions starts*****  
[INFO] :: 06-41-19 07:41:01 120 [main]  com.transport.rto.services.impl.VehicleOwnerAddressServiceImpl  68  saveOwnerAddr  ****** saveOwnerAddr method  from VehicleOwnerAddressServiceImpl is execution ends*****  
[INFO] :: 06-41-19 07:41:01 141 [main]  com.transport.rto.services.impl.VehicleOwnerAddressServiceImpl  53  saveOwnerAddr  ****** saveOwnerAddr method  from VehicleOwnerAddressServiceImpl is executions starts*****  
[INFO] :: 06-41-19 07:41:01 143 [main]  com.transport.rto.services.impl.VehicleOwnerAddressServiceImpl  58  saveOwnerAddr  ****** saveOwnerAddr method if block started*****  
[INFO] :: 06-41-19 07:41:01 147 [main]  com.transport.rto.services.impl.VehicleOwnerAddressServiceImpl  65  saveOwnerAddr  ****** saveOwnerAddr method if block ended*****  
[INFO] :: 06-41-19 07:41:01 174 [main]  com.transport.rto.services.impl.VehicleOwnerAddressServiceImpl  101  findAddrbyOwnerId  ******findAddrbyOwnerId method  from VehicleOwnerAddressServiceImpl is execution Starts*****  
[INFO] :: 06-41-19 07:41:01 175 [main]  com.transport.rto.services.impl.VehicleOwnerAddressServiceImpl  104  findAddrbyOwnerId  ******findAddrbyOwnerId method  if Block execute*****  
[INFO] :: 06-41-19 07:41:01 178 [main]  com.transport.rto.services.impl.VehicleOwnerAddressServiceImpl  107  findAddrbyOwnerId  ******findAddrbyOwnerId method  if Block COmpleted*****  
[INFO] :: 06-41-19 07:41:01 193 [main]  com.transport.rto.services.impl.VehicleOwnerAddressServiceImpl  101  findAddrbyOwnerId  ******findAddrbyOwnerId method  from VehicleOwnerAddressServiceImpl is execution Starts*****  
[INFO] :: 06-41-19 07:41:01 194 [main]  com.transport.rto.services.impl.VehicleOwnerAddressServiceImpl  110  findAddrbyOwnerId  ******findAddrbyOwnerId method  from VehicleOwnerAddressServiceImpl is execution Ends*****  
[INFO] :: 06-41-19 07:41:01 209 [main]  com.transport.rto.services.impl.VehicleOwnerAddressServiceImpl  80  findAddrbyAddrId  ******findAddrbyAddrId method  from VehicleOwnerAddressServiceImpl is execution Starts*****  
[INFO] :: 06-41-19 07:41:01 211 [main]  com.transport.rto.services.impl.VehicleOwnerAddressServiceImpl  84  findAddrbyAddrId  ******findAddrbyAddrId method   If block satrted*****  
[INFO] :: 06-41-19 07:41:01 212 [main]  com.transport.rto.services.impl.VehicleOwnerAddressServiceImpl  87  findAddrbyAddrId  ******findAddrbyAddrId method   If block Ended*****  
[INFO] :: 06-41-19 07:41:01 227 [main]  com.transport.rto.services.impl.VehicleOwnerAddressServiceImpl  80  findAddrbyAddrId  ******findAddrbyAddrId method  from VehicleOwnerAddressServiceImpl is execution Starts*****  
[INFO] :: 06-41-19 07:41:01 228 [main]  com.transport.rto.services.impl.VehicleOwnerAddressServiceImpl  90  findAddrbyAddrId  ******findAddrbyAddrId method  from VehicleOwnerAddressServiceImpl is execution Ends*****  
[INFO] :: 06-41-19 07:41:01 262 [main]  com.transport.rto.services.impl.VehicleOwnerDetailsServiceImpl  40  saveOwnerDtls  *******saveOwnerAddr from VehicleOwnerDetailsServiceImpl execution starts *******  
[INFO] :: 06-41-19 07:41:01 263 [main]  com.transport.rto.services.impl.VehicleOwnerDetailsServiceImpl  44  saveOwnerDtls  *******saveOwnerAddr from VehicleOwnerDetailsServiceImpl executios completed *******  
[INFO] :: 06-41-19 07:41:01 279 [main]  com.transport.rto.services.impl.VehicleOwnerDetailsServiceImpl  40  saveOwnerDtls  *******saveOwnerAddr from VehicleOwnerDetailsServiceImpl execution starts *******  
[INFO] :: 06-41-19 07:41:01 280 [main]  com.transport.rto.services.impl.VehicleOwnerDetailsServiceImpl  44  saveOwnerDtls  *******saveOwnerAddr from VehicleOwnerDetailsServiceImpl executios completed *******  
[INFO] :: 06-41-19 07:41:01 291 [main]  com.transport.rto.services.impl.VehicleOwnerDetailsServiceImpl  59  findById  *******findById from VehicleOwnerDetailsServiceImpl execution starts *******  
[INFO] :: 06-41-19 07:41:01 291 [main]  com.transport.rto.services.impl.VehicleOwnerDetailsServiceImpl  63  findById  *******findById method  if block starts  *******  
[INFO] :: 06-41-19 07:41:01 292 [main]  com.transport.rto.services.impl.VehicleOwnerDetailsServiceImpl  66  findById  *******findById method if block ended *******  
[INFO] :: 06-41-19 07:41:01 300 [main]  com.transport.rto.services.impl.VehicleOwnerDetailsServiceImpl  59  findById  *******findById from VehicleOwnerDetailsServiceImpl execution starts *******  
[INFO] :: 06-41-19 07:41:01 301 [main]  com.transport.rto.services.impl.VehicleOwnerDetailsServiceImpl  69  findById  *******findById from VehicleOwnerDetailsServiceImpl  execution ended *******  
[INFO] :: 06-41-19 07:41:02 504 [SpringContextShutdownHook]  com.zaxxer.hikari.HikariDataSource  350  close  HikariPool-1 - Shutdown initiated...  
[INFO] :: 06-41-19 07:41:02 563 [SpringContextShutdownHook]  com.zaxxer.hikari.HikariDataSource  352  close  HikariPool-1 - Shutdown completed.  
